[www.newbird.co.kr/index.html]
[backblue.gif]
[fade.gif]
[index.html]
[www.newbird.co.kr/css/favicon.ico]
[www.newbird.co.kr/css/favicon.png]
[www.newbird.co.kr/css/init.css]
[www.newbird.co.kr/css/common.css]
[www.newbird.co.kr/css/layout.css]
[www.newbird.co.kr/css/owl.carousel.min.css]
[www.newbird.co.kr/css/owl.theme.default.css]
[www.newbird.co.kr/js/html5.js]
[www.newbird.co.kr/js/jquery.easing.1.3.min.js]
[www.newbird.co.kr/js/jquery.appear.js]
[www.newbird.co.kr/index-2.html]
[www.newbird.co.kr/nbadm/data/uploads/9d702e9dd6034d3e73ef315479b329d11561727947_17590.jpg]
[www.newbird.co.kr/js/owl.carousel.min.js]
[wcs.naver.net/wcslog.js]
[www.newbird.co.kr/about/index.html]
[www.newbird.co.kr/js/jquery-1.11.0.min.js]
[www.newbird.co.kr/nbadm/data/uploads/1b5be46d72e72c1422a23164f4f19f731564409688_69194.jpg]
[www.newbird.co.kr/portfolio/view26c1.html]
[www.newbird.co.kr/service/index.html]
[www.newbird.co.kr/portfolio/viewb1d3.html]
[www.newbird.co.kr/nbadm/data/uploads/637445d3f9825c2b69d766a8c13a52811564652350_18839.jpg]
[www.newbird.co.kr/portfolio/index.html]
[www.newbird.co.kr/portfolio/viewfc37.html]
[www.newbird.co.kr/nbadm/data/uploads/eb6431323adea7cb064ff9f356f639a31561983135_69655.jpg]
[www.newbird.co.kr/contact/index.html]
[www.newbird.co.kr/portfolio/view999a.html]
[www.newbird.co.kr/nbadm/data/uploads/74686944b0f1f1ec7d7d2e65eea17c121561725994_28032.jpg]
[www.newbird.co.kr/portfolio/view88d7.html]
[www.newbird.co.kr/nbadm/data/uploads/54197b72257912d89ff62856312783211582170911_5984.png]
[www.newbird.co.kr/portfolio/view29a4.html]
[www.newbird.co.kr/nbadm/data/uploads/ba2d46b39e91d68078e8b0b3607bf5071563979029_95066.jpg]
[www.newbird.co.kr/portfolio/viewf173.html]
[www.newbird.co.kr/nbadm/data/uploads/5960e4bcaf034b4c69fd20186fba4df61576063683_94831.png]
[www.newbird.co.kr/portfolio/view50c5.html]
[www.newbird.co.kr/nbadm/data/uploads/6d5dd0e3ac7f95333a1aa661369f58911580106882_85168.png]
[www.newbird.co.kr/portfolio/view05a8.html]
[www.newbird.co.kr/nbadm/data/uploads/fcc21aa792fd11e3a5467cad6ee275f11561728165_561.jpg]
[www.newbird.co.kr/portfolio/viewa900.html]
[www.newbird.co.kr/nbadm/data/uploads/d44718cf5daacf2873ac610e5cf833481561912550_87427.jpg]
[www.newbird.co.kr/portfolio/view9f44.html]
[www.newbird.co.kr/nbadm/data/uploads/201febd5bbb881eb5e3c615529ff86f41561909875_35440.jpg]
[www.newbird.co.kr/portfolio/viewe289.html]
[www.newbird.co.kr/nbadm/data/uploads/727201b512ed8af35c8bedebd8b959e21561727771_5066.jpg]
[www.newbird.co.kr/portfolio/viewed55.html]
[www.newbird.co.kr/nbadm/data/uploads/42b99ad849e71e24b8b479ef888031101561469733_6683.jpg]
[www.newbird.co.kr/portfolio/view8e22.html]
[www.newbird.co.kr/nbadm/data/uploads/a444c394e88bd5736592c8e3684ecbf21561911198_19173.jpg]
[www.newbird.co.kr/portfolio/viewbdff.html]
[www.newbird.co.kr/nbadm/data/uploads/3a11ecd3baa86314dedd201f4f802f1c1561727844_86906.jpg]
[www.newbird.co.kr/portfolio/view084f.html]
[www.newbird.co.kr/nbadm/data/uploads/40499d93de71ef8f3db76ae65ecc44581564407551_40609.jpg]
[www.newbird.co.kr/portfolio/viewf435.html]
[www.newbird.co.kr/nbadm/data/uploads/3c6918d86a66d7390cf72dae3323b0891561555729_72801.jpg]
[www.newbird.co.kr/portfolio/view306b.html]
[www.newbird.co.kr/nbadm/data/uploads/7ba8ca4e77bcc9cbdaa800a9c68465f31564579533_5031.jpg]
[www.newbird.co.kr/portfolio/view5eb3.html]
[www.newbird.co.kr/nbadm/data/uploads/f2fda09dfb072186a7edbbbee77a82b61564411594_96869.jpg]
[www.newbird.co.kr/portfolio/view204e.html]
[www.newbird.co.kr/nbadm/data/uploads/f3f0a7f5f58961864ac81ae42fdd5c881561912384_47717.jpg]
[www.newbird.co.kr/portfolio/view7542.html]
[www.newbird.co.kr/nbadm/data/uploads/8b42d0b48a946e63c0c1ca2736df5c561563977845_38212.jpg]
[www.newbird.co.kr/portfolio/viewf497.html]
[www.newbird.co.kr/nbadm/data/uploads/f99e782c889fdf452dd9fcf8cd3601d41564152450_58936.jpg]
[www.newbird.co.kr/portfolio/view0aef.html]
[www.newbird.co.kr/nbadm/data/uploads/7781e99e92e29dddf7fa75cffb25a2641564366495_52691.jpg]
[www.newbird.co.kr/portfolio/viewcc3d.html]
[www.newbird.co.kr/nbadm/data/uploads/235a5bda2d33e471eb202a7cab9c32951561638731_19166.jpg]
[www.newbird.co.kr/nbadm/data/uploads/8cbf583295c24b880eae50b4321897361561638032_14799.jpg]
[www.newbird.co.kr/nbadm/data/uploads/4c4078e8663248792e8c7ebe8144baa21561637959_45756.jpg]
[www.newbird.co.kr/nbadm/data/uploads/30fda4453f7f54e5f37c7ede8c3546a81561637781_60952.jpg]
[www.newbird.co.kr/nbadm/data/uploads/f7b3bb84b2cf82b0bab35156ffd1aa8a1561637474_58613.jpg]
[www.newbird.co.kr/nbadm/data/uploads/de741448d1e748ae21fd88944c7ecedd1561283892_73137.jpg]
[www.newbird.co.kr/nbadm/data/uploads/184a44f7e2df5fd1a77ea863386d7fae1561284450_60122.jpg]
[www.newbird.co.kr/nbadm/data/uploads/aac57816658ce53bcdd81199f017e03f1561016974_57690.jpg]
[www.newbird.co.kr/nbadm/data/uploads/95b387d8c6d63063119e82ee0beac1321561019180_52362.jpg]
[www.newbird.co.kr/nbadm/data/uploads/ebde87b551b3a32a8cb9cf4ecd04ea291561020220_48386.jpg]
[www.newbird.co.kr/nbadm/data/uploads/0a22a9ba9995ddc65381a356818cb7451561019010_43012.jpg]
[www.newbird.co.kr/nbadm/data/uploads/ea26cdd53fbcb6d1eb44266bdb994c5a1561021854_54755.jpg]
[www.newbird.co.kr/nbadm/data/uploads/1a2a0ec7a77cb0db77289947214a8f3c1561282703_48723.jpg]
[www.newbird.co.kr/nbadm/data/uploads/d7c2298b0f9faf765db30a831b4ab8ce1561283258_98592.jpg]
[www.newbird.co.kr/nbadm/data/uploads/ddc7dc68656dbc95d9c6e29c261bbf791561283524_29428.jpg]
[www.newbird.co.kr/nbadm/data/uploads/9e668f2e70699772628d2da12a01eedd1561283104_82359.jpg]
[www.newbird.co.kr/nbadm/data/uploads/161306a460d101b0e63b350f68673d251560767806_98255.png]
[www.newbird.co.kr/nbadm/data/uploads/82c293900961e9e31e71b5494fc0714e1561018741_53584.jpg]
[www.newbird.co.kr/nbadm/data/uploads/9200fcc8b15946c982395c20f98e707b1561284190_69705.jpg]
[www.newbird.co.kr/nbadm/data/uploads/80bf4404a6a8d7ad158f41cd164bb4c91561284963_7547.jpg]
[www.newbird.co.kr/nbadm/data/uploads/53666f1450bcfce3b9e1dfe5cdf0b61e1561021117_40488.jpg]
[www.newbird.co.kr/images/common/icon_location.png]
[www.newbird.co.kr/index.html]
[www.newbird.co.kr/js/lib.js]
[www.newbird.co.kr/css/init.css]
[www.newbird.co.kr/images/common/icon_arrow_select.png]
[www.newbird.co.kr/images/ie/icon_arrow_select.png]
[www.newbird.co.kr/css/common.css]
[www.newbird.co.kr/images/common/logo.png]
[www.newbird.co.kr/images/ie/logo.png]
[www.newbird.co.kr/images/common/icon_quick.png]
[www.newbird.co.kr/images/ie/icon_quick.png]
[www.newbird.co.kr/images/common/icon_call.png]
[www.newbird.co.kr/images/ie/icon_call.png]
[www.newbird.co.kr/images/visual_t1.jpg]
[www.newbird.co.kr/images/visual_t2.jpg]
[www.newbird.co.kr/images/about/pic_sketch.jpg]
[www.newbird.co.kr/images/service/icon_service.png]
[www.newbird.co.kr/images/ie/icon_service.png]
[www.newbird.co.kr/images/service/icon_process.png]
[www.newbird.co.kr/images/ie/icon_process.png]
[www.newbird.co.kr/images/common/icon_view.png]
[www.newbird.co.kr/images/ie/icon_view.png]
[www.newbird.co.kr/images/common/icon_result.png]
[www.newbird.co.kr/images/ie/icon_result.png]
[www.newbird.co.kr/images/common/icon_download.png]
[www.newbird.co.kr/css/layout.css]
[www.newbird.co.kr/images/ie/icon_download.png]
[www.newbird.co.kr/css/owl.carousel.min.css]
[www.newbird.co.kr/css/owl.theme.default.css]
[www.newbird.co.kr/index-2.html]
[www.newbird.co.kr/about/index.html]
[www.newbird.co.kr/service/index.html]
[www.newbird.co.kr/portfolio/index.html]
[www.newbird.co.kr/contact/index.html]
[www.newbird.co.kr/portfolio/view18b2.html]
[www.newbird.co.kr/nbadm/data/uploads/4b2659e906a83fc5c18033591616e1af1561727947_32324.jpg]
[www.newbird.co.kr/nbadm/data/uploads/7f7f1587a69f6b31a64bb67cf941e82d1561727947_64135.jpg]
[www.newbird.co.kr/nbadm/data/uploads/2f48bc9fc204f6da6ecb2d5f16fe81041561727947_60808.jpg]
[www.newbird.co.kr/portfolio/view26c1.html]
[www.newbird.co.kr/nbadm/data/uploads/6c1f278e6222513f21277f15c25e3a4e1564152376_55712.jpg]
[www.newbird.co.kr/nbadm/data/uploads/156005c5baf40ff51a327f1c34f2975b1564320754_53595.jpg]
[www.newbird.co.kr/portfolio/viewb1d3.html]
[www.newbird.co.kr/nbadm/data/uploads/d8c0a88c6fd80066295ddc36b9c1b9841564652350_61725.jpg]
[www.newbird.co.kr/nbadm/data/uploads/1a83cd48f78b8bc934567d9f9bc53cea1564652350_59960.jpg]
[www.newbird.co.kr/nbadm/data/uploads/f5b6267c867aa616870f296be0ecf2d31564652350_44133.jpg]
[www.newbird.co.kr/portfolio/viewfc37.html]
[www.newbird.co.kr/portfolio/view1fe0.html]
[www.newbird.co.kr/nbadm/data/uploads/d6f2e9cee47a409653ccdf3adfd890221561983135_64777.jpg]
[www.newbird.co.kr/nbadm/data/uploads/c28640403035e8ca463487a864027b6e1561983135_22951.jpg]
[www.newbird.co.kr/nbadm/data/uploads/5027599263b395840054e9e8ffb3d1931561983135_69984.jpg]
[www.newbird.co.kr/portfolio/view999a.html]
[www.newbird.co.kr/nbadm/data/uploads/75222b4fdc7a1fde281225901adff69e1561725994_91708.jpg]
[www.newbird.co.kr/nbadm/data/uploads/c58f704cafb3f79abc61ce4d80182aa61561725994_64392.jpg]
[www.newbird.co.kr/nbadm/data/uploads/614d1f9273c7164994951ed2479e87491561725994_45930.jpg]
[www.newbird.co.kr/portfolio/view88d7.html]
[www.newbird.co.kr/nbadm/data/uploads/51494b66b20eaec11fe501f5bdf797f41589861161_68377.jpg]
[www.newbird.co.kr/nbadm/data/uploads/ae506473fe6b47c2b46dbcebaa4d5ab51589861161_65382.png]
[www.newbird.co.kr/portfolio/view29a4.html]
[www.newbird.co.kr/nbadm/data/uploads/53ea86198644ef77b02ae682834ff75e1563978714_38106.jpg]
[www.newbird.co.kr/nbadm/data/uploads/00f40c16f661348eb05fd0ad1a88ef141563978714_47247.jpg]
[www.newbird.co.kr/nbadm/data/uploads/bd6fd1165a99407fb97cf94af5f52ce31563978714_84212.jpg]
[www.newbird.co.kr/portfolio/viewf173.html]
[www.newbird.co.kr/nbadm/data/uploads/2db310299a9aa609f99d1e59d5a500161576063683_27852.jpg]
[www.newbird.co.kr/portfolio/view50c5.html]
[www.newbird.co.kr/portfolio/view9a49.html]
[www.newbird.co.kr/portfolio/viewde1a.html]
[www.newbird.co.kr/nbadm/data/uploads/2ebfa23f7c3d6f7a36fb7f7169ef5c151580106882_61184.jpg]
[www.newbird.co.kr/nbadm/data/uploads/b98e1be79b7b25668805190c0412e5341580106882_93472.jpg]
[www.newbird.co.kr/nbadm/data/uploads/ce2e78e0a1f2730a337163caa16a9e691580106882_77304.jpg]
[www.newbird.co.kr/portfolio/view05a8.html]
[www.newbird.co.kr/nbadm/data/uploads/91e18e0afd2d9645ec23c680748146371561728165_65038.jpg]
[www.newbird.co.kr/nbadm/data/uploads/e1ead9a26c5bdceafe3b439f72e1c91a1561728165_79865.jpg]
[www.newbird.co.kr/nbadm/data/uploads/73ef38b56519d29677caffbc8baa30461561728347_34020.jpg]
[www.newbird.co.kr/portfolio/viewa900.html]
[www.newbird.co.kr/portfolio/view8ea4.html]
[www.newbird.co.kr/nbadm/data/uploads/7f0599563c21c6a4ed3d2bd6a9b5e8541561912550_5796.jpg]
[www.newbird.co.kr/nbadm/data/uploads/4000db967d2601a73e5b1b9501a6d1e91561912550_89137.jpg]
[www.newbird.co.kr/nbadm/data/uploads/265098dd4c27f996a7f65238869e74d01561912550_59431.jpg]
[www.newbird.co.kr/portfolio/view9f44.html]
[www.newbird.co.kr/nbadm/data/uploads/982453a0825f6caf967ea45fafa2a40b1561909875_92455.jpg]
[www.newbird.co.kr/nbadm/data/uploads/ae1f42a344dabb15aded9c75f9d7f91d1561909875_14817.jpg]
[www.newbird.co.kr/nbadm/data/uploads/768189b816566174f3c360af3188a6ac1561909875_87219.jpg]
[www.newbird.co.kr/portfolio/viewe289.html]
[www.newbird.co.kr/portfolio/viewcdba.html]
[www.newbird.co.kr/portfolio/viewdcfd.html]
[www.newbird.co.kr/nbadm/data/uploads/55c9abb031317e89638c482bd709223e1561727771_27831.jpg]
[www.newbird.co.kr/nbadm/data/uploads/0d631318907aa15e80670cf7af112ca61561727771_92521.jpg]
[www.newbird.co.kr/nbadm/data/uploads/31bd85af0e9d4a27b09e1da9433882d51561727771_46080.jpg]
[www.newbird.co.kr/portfolio/viewed55.html]
[www.newbird.co.kr/nbadm/data/uploads/56d1e1839219cf4b4dd9a7e8bfaafd291561728052_59978.jpg]
[www.newbird.co.kr/nbadm/data/uploads/3255089da2dff21187922f476af5f5d21561728052_15734.jpg]
[www.newbird.co.kr/nbadm/data/uploads/5ed46547f3b8ef42bf447756ab635d581561728052_59931.jpg]
[www.newbird.co.kr/portfolio/view8e22.html]
[www.newbird.co.kr/nbadm/data/uploads/c304f792b1fdc01a7352ebbb4abda5ec1561910789_19918.jpg]
[www.newbird.co.kr/nbadm/data/uploads/edec9c8c4752ba19b50312f50a285eb31561910789_94097.jpg]
[www.newbird.co.kr/nbadm/data/uploads/16f9a4038b5a8061526bbc4217243e971561910789_50446.jpg]
[www.newbird.co.kr/nbadm/data/uploads/bc57c199b588526cd1b3abf3ed0a05531564490693_2147.jpg]
[www.newbird.co.kr/portfolio/viewbdff.html]
[www.newbird.co.kr/portfolio/viewf16a.html]
[www.newbird.co.kr/portfolio/viewc1b1.html]
[www.newbird.co.kr/nbadm/data/uploads/929a4f5d9c85d21cd92b5fd5e6877df51561727844_23250.jpg]
[www.newbird.co.kr/nbadm/data/uploads/871100dd28e3b5d94c7c6a518eff0ea71561727844_33961.jpg]
[www.newbird.co.kr/nbadm/data/uploads/7acc3651f4e815cb3c1a4d546502bb351561727844_18767.jpg]
[www.newbird.co.kr/portfolio/view084f.html]
[www.newbird.co.kr/nbadm/data/uploads/5bccaf68488d8d60f0ea8b617b9b1a621564407551_49567.jpg]
[www.newbird.co.kr/nbadm/data/uploads/996662f021c823824792d8ea544239611564407551_25069.jpg]
[www.newbird.co.kr/nbadm/data/uploads/dec397020c5ff5e5dac8c69cf5507a4d1564407551_60474.jpg]
[www.newbird.co.kr/portfolio/viewf435.html]
[www.newbird.co.kr/nbadm/data/uploads/c747a2f911eced9bedbdca7cf82137741561555729_47015.jpg]
[www.newbird.co.kr/nbadm/data/uploads/287745cab52c56a5464708c06af24ca11561555729_38680.jpg]
[www.newbird.co.kr/nbadm/data/uploads/bfaf2fd73f28ef75328696380180bcc61561555729_18549.jpg]
[www.newbird.co.kr/nbadm/data/uploads/3ad0859cc1be4a674189305068ed50571564491979_70032.jpg]
[www.newbird.co.kr/portfolio/view306b.html]
[www.newbird.co.kr/nbadm/data/uploads/32770adb20a9be7f018fac606bef5d0c1563975720_43418.jpg]
[www.newbird.co.kr/nbadm/data/uploads/c2fa713dfeccc0b61cffbca4d7500fd51563975720_43521.jpg]
[www.newbird.co.kr/portfolio/view5eb3.html]
[www.newbird.co.kr/nbadm/data/uploads/ac5dd702b61f2d4460de1ffafbf0e98a1564412038_97779.jpg]
[www.newbird.co.kr/nbadm/data/uploads/090812b82e7f8464691a6c4edf556e0a1564329462_12971.jpg]
[www.newbird.co.kr/portfolio/view204e.html]
[www.newbird.co.kr/nbadm/data/uploads/aec7af05f59e018b5340a0aa767b668b1561912384_16604.jpg]
[www.newbird.co.kr/nbadm/data/uploads/72760047c3a8b0b0bdf54b0f8737c6f71561912384_70576.jpg]
[www.newbird.co.kr/nbadm/data/uploads/3ea6181013cac7e2b5b7bbb367d3e0da1561912384_8051.jpg]
[www.newbird.co.kr/portfolio/view7542.html]
[www.newbird.co.kr/nbadm/data/uploads/10b27d47c458ea916a55ec87023b464f1563977115_75413.jpg]
[www.newbird.co.kr/nbadm/data/uploads/88b62e1c3d84ea18d09a2547a43905461563977115_59147.jpg]
[www.newbird.co.kr/nbadm/data/uploads/7a38873bec4ed9972632505bdac4beb01563977115_68341.jpg]
[www.newbird.co.kr/portfolio/viewf497.html]
[www.newbird.co.kr/nbadm/data/uploads/ebc2bba3a7f9468e6a3aaee23aa46edd1564152450_64266.jpg]
[www.newbird.co.kr/portfolio/view0aef.html]
[www.newbird.co.kr/portfolio/view2092.html]
[www.newbird.co.kr/nbadm/data/uploads/d7c3a2e5d42cadd8136c55178382090a1564366137_26566.jpg]
[www.newbird.co.kr/nbadm/data/uploads/f3dcf987692a0811f76b9ccd21af704c1564366137_80585.jpg]
[www.newbird.co.kr/nbadm/data/uploads/a48ef5e7d90dd8193df3d5a9744f6e761564366137_61699.jpg]
[www.newbird.co.kr/portfolio/viewcc3d.html]
[www.newbird.co.kr/nbadm/data/uploads/58f69be6092752f5fa327811d27fa4371561556534_51153.jpg]
[www.newbird.co.kr/nbadm/data/uploads/bff5726d1f4b1f502dd4848daa2f0fef1561556534_54969.jpg]
[www.newbird.co.kr/nbadm/data/uploads/26b42ad42ec0f640ade6b1ecea73bf8d1561556534_42522.jpg]
[www.newbird.co.kr/nbadm/data/uploads/e1cdbf73524ab5390f3a889c19fb21991561556534_28687.jpg]
[www.newbird.co.kr/nbadm/data/uploads/a11cc5b9a2ae326e5f664e620eb221641564649476_54770.jpg]
[www.newbird.co.kr/portfolio/view18b2.html]
[www.newbird.co.kr/nbadm/data/uploads/4ef0dc2705d0fa1fe76fe681615567631561910004_24225.jpg]
[www.newbird.co.kr/nbadm/data/uploads/a683571cfead7531549eb62e50afc0261561910004_86011.jpg]
[www.newbird.co.kr/nbadm/data/uploads/bcbf71d66bcd8ba1e6be47ddc13167fa1561910004_44170.jpg]
[www.newbird.co.kr/nbadm/data/uploads/b811fdbcda773a26f0a68860a7688f081561910004_2870.jpg]
[www.newbird.co.kr/portfolio/view1fe0.html]
[www.newbird.co.kr/nbadm/data/uploads/ae506473fe6b47c2b46dbcebaa4d5ab51589861161_65382.png]
[www.newbird.co.kr/nbadm/data/uploads/3b953a5db40ba3116683de75b42e0a351561556587_62087.jpg]
[www.newbird.co.kr/nbadm/data/uploads/d99ff6feb2c85384f313254bc1d2d4ad1561556587_1720.jpg]
[www.newbird.co.kr/nbadm/data/uploads/bba2b3fd27110c1f7af620db6a0e27921561556587_27511.jpg]
[www.newbird.co.kr/nbadm/data/uploads/fca159a268c7d7d64bcc4ab12fe376fd1561556587_79085.jpg]
[www.newbird.co.kr/nbadm/data/uploads/660b9fa8c856a45be642bc8163a654d01564650509_65548.jpg]
[www.newbird.co.kr/portfolio/view9a49.html]
[www.newbird.co.kr/nbadm/data/uploads/676270c2b54b8aa3c5cde9aa9f8f61891576065035_594.png]
[www.newbird.co.kr/nbadm/data/uploads/8df76ea0ee1c1fe68a482b847616c7591582174516_77194.jpg]
[www.newbird.co.kr/nbadm/data/uploads/975ca662a14d4865eeb10f7da3ec75a41582174516_46560.jpg]
[www.newbird.co.kr/portfolio/viewde1a.html]
[www.newbird.co.kr/nbadm/data/uploads/3c137e9c755920cd74693581356a40d01561912658_76439.jpg]
[www.newbird.co.kr/nbadm/data/uploads/f523b30ea3424a124a26301331fe892a1561912955_10376.jpg]
[www.newbird.co.kr/nbadm/data/uploads/3dda94e174e440283bbd02fad69e6fb01561912658_86436.jpg]
[www.newbird.co.kr/nbadm/data/uploads/ae317f2f02f3a7695d721ceded716f881561912658_46745.jpg]
[www.newbird.co.kr/portfolio/view8ea4.html]
[www.newbird.co.kr/nbadm/data/uploads/d07c9cf79ec4f18d04e5cd2148083c351561470359_1188.jpg]
[www.newbird.co.kr/nbadm/data/uploads/4fae0e9860bd11fdb982fe9ba368427d1561555791_14708.jpg]
[www.newbird.co.kr/nbadm/data/uploads/179178d0679c128926fa1887b1225f991561555791_68043.jpg]
[www.newbird.co.kr/nbadm/data/uploads/d485d58cc034ece51e998faf0f8c91161561555791_64493.jpg]
[www.newbird.co.kr/nbadm/data/uploads/67a964ec179611ca1b9e6681e3d2ef761564494534_82587.jpg]
[www.newbird.co.kr/portfolio/viewcdba.html]
[www.newbird.co.kr/nbadm/data/uploads/fdaf8ac149df6fc61f86db6174110fba1562843185_8985.jpg]
[www.newbird.co.kr/nbadm/data/uploads/d4e264856e9d443f3a9a03d62b1d9ea61562843185_17869.jpg]
[www.newbird.co.kr/nbadm/data/uploads/8981ec54b172bc069227b12e4bb13e691563979954_71414.jpg]
[www.newbird.co.kr/nbadm/data/uploads/94024e3ff525d209de6f8ad018500a1c1563979954_41804.jpg]
[www.newbird.co.kr/portfolio/viewdcfd.html]
[www.newbird.co.kr/nbadm/data/uploads/de6b9a82faa2e5490de756d0f79b85c61561725691_26576.jpg]
[www.newbird.co.kr/portfolio/view267d.html]
[www.newbird.co.kr/nbadm/data/uploads/1e3565331fb1ceb739531fa94b6e5f941561725691_26247.jpg]
[www.newbird.co.kr/nbadm/data/uploads/a7ec66ded0a84fa07ee62fbbf4a038e81561725691_86509.jpg]
[www.newbird.co.kr/nbadm/data/uploads/439f01801dd60710b9982ed3cf03c3681561725691_65114.jpg]
[www.newbird.co.kr/portfolio/viewf16a.html]
[www.newbird.co.kr/nbadm/data/uploads/7ba8ca4e77bcc9cbdaa800a9c68465f31561559397_28541.jpg]
[www.newbird.co.kr/nbadm/data/uploads/c7c4c321d76cf614294e8a6af0d9c70e1561553476_5939.jpg]
[www.newbird.co.kr/nbadm/data/uploads/69566250b2eb47c0faf97c7ec1231f6a1561553476_30171.jpg]
[www.newbird.co.kr/nbadm/data/uploads/e8bc9a54434a5b9a86b2f7e39460b0311561553476_92648.jpg]
[www.newbird.co.kr/nbadm/data/uploads/388ac2fd3cd6bb3fc22c72f836c3f2d31564652124_84051.jpg]
[www.newbird.co.kr/portfolio/viewc1b1.html]
[www.newbird.co.kr/nbadm/data/uploads/5c9913db5f96d9dc3845cce9eb4f52381561555875_50459.jpg]
[www.newbird.co.kr/portfolio/viewe578.html]
[www.newbird.co.kr/nbadm/data/uploads/25f6ec9d0499c41f20081c22c10258aa1561555875_42347.jpg]
[www.newbird.co.kr/nbadm/data/uploads/7d8de1a71d35b3ef67ba17fb79924af11561555875_23289.jpg]
[www.newbird.co.kr/nbadm/data/uploads/fad43c948769f67068dd1aa96d01149e1561555875_96732.jpg]
[www.newbird.co.kr/nbadm/data/uploads/ee6bc844b4566f10e8e6384589ccff7f1564496448_55734.jpg]
[www.newbird.co.kr/portfolio/view2092.html]
[www.newbird.co.kr/nbadm/data/uploads/bd434821ca3b6d607652f9494df278481561726259_12504.jpg]
[www.newbird.co.kr/portfolio/viewe4d9.html]
[www.newbird.co.kr/nbadm/data/uploads/42eda9cfecd077c8dcab284fb6b511021561727681_18578.jpg]
[www.newbird.co.kr/nbadm/data/uploads/00193055c4b649e848778eec4dc44b6d1561726259_14724.jpg]
[www.newbird.co.kr/nbadm/data/uploads/54484278548891173929a55d146a32841561726259_22194.jpg]
[www.newbird.co.kr/portfolio/view267d.html]
[www.newbird.co.kr/nbadm/data/uploads/6c5033d888dbfb1276ddf82f3d4d31d21561725555_39744.jpg]
[www.newbird.co.kr/nbadm/data/uploads/1e6a97ab094d5bf24e4d15584d47d3b61561725555_15166.jpg]
[www.newbird.co.kr/nbadm/data/uploads/4909cfbbcbd9dce6d2563c24ef55a3fe1561725555_18569.jpg]
[www.newbird.co.kr/nbadm/data/uploads/f6d025030a8ca3e2ba726221b5c039f31561725555_94959.jpg]
[www.newbird.co.kr/portfolio/viewe578.html]
[www.newbird.co.kr/nbadm/data/uploads/da1cba1041cb23d3198ff01069b8900f1561910223_39799.jpg]
[www.newbird.co.kr/nbadm/data/uploads/cc5dd030db7daa703f0a044cb31a70dd1561910223_9820.jpg]
[www.newbird.co.kr/nbadm/data/uploads/d5d58b9a81ea41cc8cd6014718c14c651561910223_43915.jpg]
[www.newbird.co.kr/nbadm/data/uploads/d3aa31809b50b8b942db743310d9c1201561910223_81191.jpg]
[www.newbird.co.kr/portfolio/viewe4d9.html]
